C:\Program Files (x86)\Microsoft Visual Studio\2017\Community\Common7\IDE\VC\VCTargets\Microsoft.CppBuild.targets(391,5): warning MSB8028: The intermediate directory (Debug\) contains files shared from another project (TestOpenGL.vcxproj).  This can lead to incorrect clean and rebuild behavior.
  Polymas.cpp
c:\users\etern\source\repos\open gl\open gl\polymas.cpp(168): warning C4305: 'argument': truncation from 'double' to 'float'
c:\users\etern\source\repos\open gl\open gl\polymas.cpp(182): warning C4244: 'argument': conversion from 'float' to 'int', possible loss of data
c:\users\etern\source\repos\open gl\open gl\polymas.cpp(189): warning C4305: 'argument': truncation from 'double' to 'float'
c:\users\etern\source\repos\open gl\open gl\polymas.cpp(191): warning C4305: 'argument': truncation from 'double' to 'float'
c:\users\etern\source\repos\open gl\open gl\polymas.cpp(217): warning C4305: 'argument': truncation from 'double' to 'float'
c:\users\etern\source\repos\open gl\open gl\polymas.cpp(228): warning C4305: 'argument': truncation from 'double' to 'float'
c:\users\etern\source\repos\open gl\open gl\polymas.cpp(229): warning C4305: 'argument': truncation from 'double' to 'float'
c:\users\etern\source\repos\open gl\open gl\polymas.cpp(234): warning C4305: 'argument': truncation from 'double' to 'float'
c:\users\etern\source\repos\open gl\open gl\polymas.cpp(239): warning C4305: 'argument': truncation from 'double' to 'float'
c:\users\etern\source\repos\open gl\open gl\polymas.cpp(240): warning C4305: 'argument': truncation from 'double' to 'GLfloat'
c:\users\etern\source\repos\open gl\open gl\polymas.cpp(242): warning C4305: 'argument': truncation from 'double' to 'float'
c:\users\etern\source\repos\open gl\open gl\polymas.cpp(244): warning C4305: 'argument': truncation from 'double' to 'float'
c:\users\etern\source\repos\open gl\open gl\polymas.cpp(247): warning C4305: 'argument': truncation from 'double' to 'float'
c:\users\etern\source\repos\open gl\open gl\polymas.cpp(253): warning C4305: 'argument': truncation from 'double' to 'float'
c:\users\etern\source\repos\open gl\open gl\polymas.cpp(259): warning C4305: 'argument': truncation from 'double' to 'float'
c:\users\etern\source\repos\open gl\open gl\polymas.cpp(283): warning C4305: 'argument': truncation from 'double' to 'float'
c:\users\etern\source\repos\open gl\open gl\polymas.cpp(403): warning C4305: '=': truncation from 'double' to 'float'
c:\users\etern\source\repos\open gl\open gl\polymas.cpp(404): warning C4305: '=': truncation from 'double' to 'float'
c:\users\etern\source\repos\open gl\open gl\polymas.cpp(405): warning C4305: '=': truncation from 'double' to 'float'
c:\users\etern\source\repos\open gl\open gl\polymas.cpp(406): warning C4305: '=': truncation from 'double' to 'float'
c:\users\etern\source\repos\open gl\open gl\polymas.cpp(408): warning C4305: '=': truncation from 'double' to 'float'
c:\users\etern\source\repos\open gl\open gl\polymas.cpp(409): warning C4305: '=': truncation from 'double' to 'float'
c:\users\etern\source\repos\open gl\open gl\polymas.cpp(410): warning C4305: '=': truncation from 'double' to 'float'
c:\users\etern\source\repos\open gl\open gl\polymas.cpp(411): warning C4305: '=': truncation from 'double' to 'float'
c:\users\etern\source\repos\open gl\open gl\polymas.cpp(412): warning C4305: '=': truncation from 'double' to 'float'
c:\users\etern\source\repos\open gl\open gl\polymas.cpp(413): warning C4305: '=': truncation from 'double' to 'float'
c:\users\etern\source\repos\open gl\open gl\polymas.cpp(414): warning C4305: '=': truncation from 'double' to 'float'
c:\users\etern\source\repos\open gl\open gl\polymas.cpp(415): warning C4305: '=': truncation from 'double' to 'float'
c:\users\etern\source\repos\open gl\open gl\polymas.cpp(416): warning C4305: '=': truncation from 'double' to 'float'
c:\users\etern\source\repos\open gl\open gl\polymas.cpp(417): warning C4305: '=': truncation from 'double' to 'float'
c:\users\etern\source\repos\open gl\open gl\polymas.cpp(418): warning C4305: '=': truncation from 'double' to 'float'
c:\users\etern\source\repos\open gl\open gl\polymas.cpp(419): warning C4305: '=': truncation from 'double' to 'float'
c:\users\etern\source\repos\open gl\open gl\polymas.cpp(546): warning C4305: 'argument': truncation from 'double' to 'GLfloat'
c:\users\etern\source\repos\open gl\open gl\polymas.cpp(549): warning C4305: 'argument': truncation from 'double' to 'GLfloat'
c:\users\etern\source\repos\open gl\open gl\polymas.cpp(615): warning C4244: 'argument': conversion from 'double' to 'GLfloat', possible loss of data
c:\users\etern\source\repos\open gl\open gl\polymas.cpp(629): warning C4244: 'argument': conversion from 'double' to 'GLfloat', possible loss of data
c:\users\etern\source\repos\open gl\open gl\polymas.cpp(661): warning C4305: 'argument': truncation from 'double' to 'GLfloat'
c:\users\etern\source\repos\open gl\open gl\polymas.cpp(664): warning C4305: 'argument': truncation from 'double' to 'GLfloat'
c:\users\etern\source\repos\open gl\open gl\polymas.cpp(683): warning C4244: 'argument': conversion from 'int' to 'GLfloat', possible loss of data
c:\users\etern\source\repos\open gl\open gl\polymas.cpp(804): warning C4244: 'argument': conversion from 'double' to 'GLfloat', possible loss of data
c:\users\etern\source\repos\open gl\open gl\polymas.cpp(812): warning C4244: 'argument': conversion from 'double' to 'GLfloat', possible loss of data
c:\users\etern\source\repos\open gl\open gl\polymas.cpp(820): warning C4244: 'argument': conversion from 'int' to 'GLfloat', possible loss of data
c:\users\etern\source\repos\open gl\open gl\polymas.cpp(837): warning C4305: '+=': truncation from 'double' to 'float'
c:\users\etern\source\repos\open gl\open gl\polymas.cpp(839): warning C4305: '+=': truncation from 'double' to 'float'
c:\users\etern\source\repos\open gl\open gl\polymas.cpp(840): warning C4305: '+=': truncation from 'double' to 'float'
c:\users\etern\source\repos\open gl\open gl\polymas.cpp(843): warning C4305: '+=': truncation from 'double' to 'float'
c:\users\etern\source\repos\open gl\open gl\polymas.cpp(846): warning C4305: '+=': truncation from 'double' to 'float'
c:\users\etern\source\repos\open gl\open gl\polymas.cpp(847): warning C4305: '-=': truncation from 'double' to 'float'
c:\users\etern\source\repos\open gl\open gl\polymas.cpp(856): warning C4305: '+=': truncation from 'double' to 'float'
c:\users\etern\source\repos\open gl\open gl\polymas.cpp(857): warning C4305: '+=': truncation from 'double' to 'float'
c:\users\etern\source\repos\open gl\open gl\polymas.cpp(860): warning C4305: '+=': truncation from 'double' to 'float'
c:\users\etern\source\repos\open gl\open gl\polymas.cpp(863): warning C4305: '+=': truncation from 'double' to 'float'
c:\users\etern\source\repos\open gl\open gl\polymas.cpp(864): warning C4305: '-=': truncation from 'double' to 'float'
c:\users\etern\source\repos\open gl\open gl\polymas.cpp(880): warning C4305: '-=': truncation from 'double' to 'float'
c:\users\etern\source\repos\open gl\open gl\polymas.cpp(882): warning C4305: '-=': truncation from 'double' to 'float'
c:\users\etern\source\repos\open gl\open gl\polymas.cpp(883): warning C4305: '+=': truncation from 'double' to 'float'
c:\users\etern\source\repos\open gl\open gl\polymas.cpp(887): warning C4305: '-=': truncation from 'double' to 'float'
c:\users\etern\source\repos\open gl\open gl\polymas.cpp(891): warning C4305: '-=': truncation from 'double' to 'float'
c:\users\etern\source\repos\open gl\open gl\polymas.cpp(892): warning C4305: '-=': truncation from 'double' to 'float'
c:\users\etern\source\repos\open gl\open gl\polymas.cpp(904): warning C4305: '-=': truncation from 'double' to 'float'
c:\users\etern\source\repos\open gl\open gl\polymas.cpp(905): warning C4305: '+=': truncation from 'double' to 'float'
c:\users\etern\source\repos\open gl\open gl\polymas.cpp(909): warning C4305: '-=': truncation from 'double' to 'float'
c:\users\etern\source\repos\open gl\open gl\polymas.cpp(913): warning C4305: '-=': truncation from 'double' to 'float'
c:\users\etern\source\repos\open gl\open gl\polymas.cpp(914): warning C4305: '-=': truncation from 'double' to 'float'
c:\users\etern\source\repos\open gl\open gl\polymas.cpp(924): warning C4305: '-=': truncation from 'double' to 'float'
c:\users\etern\source\repos\open gl\open gl\polymas.cpp(939): warning C4305: '-=': truncation from 'double' to 'float'
c:\users\etern\source\repos\open gl\open gl\polymas.cpp(947): warning C4305: '-=': truncation from 'double' to 'float'
c:\users\etern\source\repos\open gl\open gl\polymas.cpp(948): warning C4305: '+=': truncation from 'double' to 'float'
c:\users\etern\source\repos\open gl\open gl\polymas.cpp(959): warning C4305: '-=': truncation from 'double' to 'float'
c:\users\etern\source\repos\open gl\open gl\polymas.cpp(960): warning C4305: '-=': truncation from 'double' to 'float'
c:\users\etern\source\repos\open gl\open gl\polymas.cpp(961): warning C4305: '-=': truncation from 'double' to 'float'
c:\users\etern\source\repos\open gl\open gl\polymas.cpp(962): warning C4305: '-=': truncation from 'double' to 'float'
c:\users\etern\source\repos\open gl\open gl\polymas.cpp(997): warning C4554: '&': check operator precedence for possible error; use parentheses to clarify precedence
c:\users\etern\source\repos\open gl\open gl\polymas.cpp(1000): warning C4554: '&': check operator precedence for possible error; use parentheses to clarify precedence
c:\users\etern\source\repos\open gl\open gl\polymas.cpp(1016): warning C4305: '+=': truncation from 'double' to 'float'
c:\users\etern\source\repos\open gl\open gl\polymas.cpp(1017): warning C4305: '+=': truncation from 'double' to 'float'
c:\users\etern\source\repos\open gl\open gl\polymas.cpp(1019): warning C4305: '+=': truncation from 'double' to 'float'
c:\users\etern\source\repos\open gl\open gl\polymas.cpp(1020): warning C4305: '+=': truncation from 'double' to 'float'
c:\users\etern\source\repos\open gl\open gl\polymas.cpp(1024): warning C4305: '+=': truncation from 'double' to 'float'
c:\users\etern\source\repos\open gl\open gl\polymas.cpp(1028): warning C4305: '+=': truncation from 'double' to 'float'
c:\users\etern\source\repos\open gl\open gl\polymas.cpp(1029): warning C4305: '-=': truncation from 'double' to 'float'
c:\users\etern\source\repos\open gl\open gl\polymas.cpp(1041): warning C4305: '+=': truncation from 'double' to 'float'
c:\users\etern\source\repos\open gl\open gl\polymas.cpp(1042): warning C4305: '+=': truncation from 'double' to 'float'
c:\users\etern\source\repos\open gl\open gl\polymas.cpp(1046): warning C4305: '+=': truncation from 'double' to 'float'
c:\users\etern\source\repos\open gl\open gl\polymas.cpp(1050): warning C4305: '+=': truncation from 'double' to 'float'
c:\users\etern\source\repos\open gl\open gl\polymas.cpp(1051): warning C4305: '-=': truncation from 'double' to 'float'
c:\users\etern\source\repos\open gl\open gl\polymas.cpp(1061): warning C4305: '+=': truncation from 'double' to 'float'
c:\users\etern\source\repos\open gl\open gl\polymas.cpp(1087): warning C4554: '&': check operator precedence for possible error; use parentheses to clarify precedence
c:\users\etern\source\repos\open gl\open gl\polymas.cpp(1109): warning C4305: '-=': truncation from 'double' to 'float'
c:\users\etern\source\repos\open gl\open gl\polymas.cpp(1112): warning C4305: '-=': truncation from 'double' to 'float'
c:\users\etern\source\repos\open gl\open gl\polymas.cpp(1115): warning C4305: '-=': truncation from 'double' to 'float'
c:\users\etern\source\repos\open gl\open gl\polymas.cpp(1118): warning C4305: '-=': truncation from 'double' to 'float'
c:\users\etern\source\repos\open gl\open gl\polymas.cpp(1121): warning C4305: '-=': truncation from 'double' to 'float'
c:\users\etern\source\repos\open gl\open gl\polymas.cpp(1124): warning C4305: '-=': truncation from 'double' to 'float'
c:\users\etern\source\repos\open gl\open gl\polymas.cpp(1127): warning C4305: '-=': truncation from 'double' to 'float'
c:\users\etern\source\repos\open gl\open gl\polymas.cpp(1130): warning C4305: '-=': truncation from 'double' to 'float'
c:\users\etern\source\repos\open gl\open gl\polymas.cpp(1133): warning C4305: '-=': truncation from 'double' to 'float'
c:\users\etern\source\repos\open gl\open gl\polymas.cpp(1136): warning C4305: '-=': truncation from 'double' to 'float'
c:\users\etern\source\repos\open gl\open gl\polymas.cpp(1139): warning C4305: '-=': truncation from 'double' to 'float'
c:\users\etern\source\repos\open gl\open gl\polymas.cpp(1142): warning C4305: '-=': truncation from 'double' to 'float'
c:\users\etern\source\repos\open gl\open gl\polymas.cpp(1145): warning C4305: '-=': truncation from 'double' to 'float'
c:\users\etern\source\repos\open gl\open gl\polymas.cpp(1148): warning C4305: '-=': truncation from 'double' to 'float'
c:\users\etern\source\repos\open gl\open gl\polymas.cpp(1151): warning C4305: '-=': truncation from 'double' to 'float'
c:\users\etern\source\repos\open gl\open gl\polymas.cpp(1154): warning C4305: '-=': truncation from 'double' to 'float'
c:\users\etern\source\repos\open gl\open gl\polymas.cpp(1157): warning C4305: '-=': truncation from 'double' to 'float'
c:\users\etern\source\repos\open gl\open gl\polymas.cpp(1160): warning C4305: '-=': truncation from 'double' to 'float'
c:\users\etern\source\repos\open gl\open gl\polymas.cpp(1163): warning C4305: '-=': truncation from 'double' to 'float'
c:\users\etern\source\repos\open gl\open gl\polymas.cpp(1166): warning C4305: '-=': truncation from 'double' to 'float'
c:\users\etern\source\repos\open gl\open gl\polymas.cpp(1169): warning C4305: '-=': truncation from 'double' to 'float'
c:\users\etern\source\repos\open gl\open gl\polymas.cpp(1175): warning C4305: '=': truncation from 'double' to 'float'
c:\users\etern\source\repos\open gl\open gl\polymas.cpp(1176): warning C4305: '=': truncation from 'double' to 'float'
c:\users\etern\source\repos\open gl\open gl\polymas.cpp(1177): warning C4305: '=': truncation from 'double' to 'float'
c:\users\etern\source\repos\open gl\open gl\polymas.cpp(1178): warning C4305: '=': truncation from 'double' to 'float'
c:\users\etern\source\repos\open gl\open gl\polymas.cpp(1181): warning C4305: '=': truncation from 'double' to 'float'
c:\users\etern\source\repos\open gl\open gl\polymas.cpp(1254): warning C4305: '=': truncation from 'double' to 'float'
c:\users\etern\source\repos\open gl\open gl\polymas.cpp(1255): warning C4305: '=': truncation from 'double' to 'float'
c:\users\etern\source\repos\open gl\open gl\polymas.cpp(1256): warning C4305: '=': truncation from 'double' to 'float'
c:\users\etern\source\repos\open gl\open gl\polymas.cpp(1257): warning C4305: '=': truncation from 'double' to 'float'
c:\users\etern\source\repos\open gl\open gl\polymas.cpp(1265): warning C4554: '&': check operator precedence for possible error; use parentheses to clarify precedence
c:\users\etern\source\repos\open gl\open gl\polymas.cpp(1285): warning C4554: '&': check operator precedence for possible error; use parentheses to clarify precedence
c:\users\etern\source\repos\open gl\open gl\polymas.cpp(1298): warning C4554: '&': check operator precedence for possible error; use parentheses to clarify precedence
c:\users\etern\source\repos\open gl\open gl\polymas.cpp(1321): warning C4305: '-=': truncation from 'double' to 'float'
c:\users\etern\source\repos\open gl\open gl\polymas.cpp(1347): warning C4305: '-=': truncation from 'double' to 'float'
c:\users\etern\source\repos\open gl\open gl\polymas.cpp(1349): warning C4305: '-=': truncation from 'double' to 'float'
c:\users\etern\source\repos\open gl\open gl\polymas.cpp(1350): warning C4305: '+=': truncation from 'double' to 'float'
c:\users\etern\source\repos\open gl\open gl\polymas.cpp(1354): warning C4305: '-=': truncation from 'double' to 'float'
c:\users\etern\source\repos\open gl\open gl\polymas.cpp(1358): warning C4305: '-=': truncation from 'double' to 'float'
c:\users\etern\source\repos\open gl\open gl\polymas.cpp(1359): warning C4305: '-=': truncation from 'double' to 'float'
c:\users\etern\source\repos\open gl\open gl\polymas.cpp(1371): warning C4305: '-=': truncation from 'double' to 'float'
c:\users\etern\source\repos\open gl\open gl\polymas.cpp(1372): warning C4305: '+=': truncation from 'double' to 'float'
c:\users\etern\source\repos\open gl\open gl\polymas.cpp(1376): warning C4305: '-=': truncation from 'double' to 'float'
c:\users\etern\source\repos\open gl\open gl\polymas.cpp(1380): warning C4305: '-=': truncation from 'double' to 'float'
c:\users\etern\source\repos\open gl\open gl\polymas.cpp(1381): warning C4305: '-=': truncation from 'double' to 'float'
c:\users\etern\source\repos\open gl\open gl\polymas.cpp(1391): warning C4305: '-=': truncation from 'double' to 'float'
c:\users\etern\source\repos\open gl\open gl\polymas.cpp(1392): warning C4305: '-=': truncation from 'double' to 'float'
c:\users\etern\source\repos\open gl\open gl\polymas.cpp(1393): warning C4305: '-=': truncation from 'double' to 'float'
c:\users\etern\source\repos\open gl\open gl\polymas.cpp(1395): warning C4305: '-=': truncation from 'double' to 'float'
c:\users\etern\source\repos\open gl\open gl\polymas.cpp(1396): warning C4305: '+=': truncation from 'double' to 'float'
c:\users\etern\source\repos\open gl\open gl\polymas.cpp(1399): warning C4305: '-=': truncation from 'double' to 'float'
c:\users\etern\source\repos\open gl\open gl\polymas.cpp(1402): warning C4305: '-=': truncation from 'double' to 'float'
c:\users\etern\source\repos\open gl\open gl\polymas.cpp(1403): warning C4305: '-=': truncation from 'double' to 'float'
c:\users\etern\source\repos\open gl\open gl\polymas.cpp(1412): warning C4305: '-=': truncation from 'double' to 'float'
c:\users\etern\source\repos\open gl\open gl\polymas.cpp(1413): warning C4305: '+=': truncation from 'double' to 'float'
c:\users\etern\source\repos\open gl\open gl\polymas.cpp(1416): warning C4305: '-=': truncation from 'double' to 'float'
c:\users\etern\source\repos\open gl\open gl\polymas.cpp(1419): warning C4305: '-=': truncation from 'double' to 'float'
c:\users\etern\source\repos\open gl\open gl\polymas.cpp(1420): warning C4305: '-=': truncation from 'double' to 'float'
c:\users\etern\source\repos\open gl\open gl\polymas.cpp(1427): warning C4305: '-=': truncation from 'double' to 'float'
c:\users\etern\source\repos\open gl\open gl\polymas.cpp(1438): warning C4244: '=': conversion from 'int' to 'float', possible loss of data
c:\users\etern\source\repos\open gl\open gl\polymas.cpp(1451): warning C4305: '-=': truncation from 'double' to 'float'
c:\users\etern\source\repos\open gl\open gl\polymas.cpp(1463): warning C4305: '+=': truncation from 'double' to 'float'
c:\users\etern\source\repos\open gl\open gl\polymas.cpp(1464): warning C4305: '-=': truncation from 'double' to 'float'
  Open GL.vcxproj -> C:\Users\etern\source\repos\Open GL\Debug\Polymas.exe
